<?xml version="1.0" encoding="UTF-8"?>
<!-- Generated by org.testng.reporters.JUnitXMLReporter -->
<testsuite ignored="0" hostname="HP" failures="0" tests="4" name="Default test" time="89.561" errors="0" timestamp="2022-03-20T14:08:30 IST">
  <testcase classname="EaseTrip.testing" name="Hotelicon" time="17.825"/>
  <testcase classname="EaseTrip.testing" name="invaliddate" time="11.866"/>
  <testcase classname="EaseTrip.testing" name="RemoveRoom" time="12.253"/>
  <testcase classname="EaseTrip.testing" name="all_filters" time="4.878"/>
</testsuite> <!-- Default test -->
